c:\users\manuel gomes\documents\github\trabalho_2\debug\trabalho2.bsc
c:\users\manuel gomes\documents\github\trabalho_2\debug\vc120.pdb
c:\users\manuel gomes\documents\github\trabalho_2\debug\vc120.idb
c:\users\manuel gomes\documents\github\trabalho_2\debug\bomb.sbr
c:\users\manuel gomes\documents\github\trabalho_2\debug\bomb.obj
c:\users\manuel gomes\documents\github\trabalho_2\debug\main.sbr
c:\users\manuel gomes\documents\github\trabalho_2\debug\functions.sbr
c:\users\manuel gomes\documents\github\trabalho_2\debug\main.obj
c:\users\manuel gomes\documents\github\trabalho_2\debug\functions.obj
c:\users\manuel gomes\documents\github\trabalho_2\debug\ship.sbr
c:\users\manuel gomes\documents\github\trabalho_2\debug\ship.obj
c:\users\manuel gomes\documents\github\trabalho_2\debug\player.sbr
c:\users\manuel gomes\documents\github\trabalho_2\debug\board.sbr
c:\users\manuel gomes\documents\github\trabalho_2\debug\trabalho2.pdb
c:\users\manuel gomes\documents\github\trabalho_2\debug\trabalho2.tlog\bscmake.command.1.tlog
c:\users\manuel gomes\documents\github\trabalho_2\debug\trabalho2.tlog\bscmake.read.1.tlog
c:\users\manuel gomes\documents\github\trabalho_2\debug\trabalho2.tlog\bscmake.write.1.tlog
c:\users\manuel gomes\documents\github\trabalho_2\debug\trabalho2.tlog\cl.command.1.tlog
c:\users\manuel gomes\documents\github\trabalho_2\debug\trabalho2.tlog\cl.read.1.tlog
c:\users\manuel gomes\documents\github\trabalho_2\debug\trabalho2.tlog\cl.write.1.tlog
c:\users\manuel gomes\documents\github\trabalho_2\debug\trabalho2.tlog\link-cvtres.read.1.tlog
c:\users\manuel gomes\documents\github\trabalho_2\debug\trabalho2.tlog\link-cvtres.write.1.tlog
c:\users\manuel gomes\documents\github\trabalho_2\debug\trabalho2.tlog\link-rc.read.1.tlog
c:\users\manuel gomes\documents\github\trabalho_2\debug\trabalho2.tlog\link-rc.write.1.tlog
c:\users\manuel gomes\documents\github\trabalho_2\debug\trabalho2.tlog\link.5508-cvtres.read.1.tlog
c:\users\manuel gomes\documents\github\trabalho_2\debug\trabalho2.tlog\link.5508-cvtres.write.1.tlog
c:\users\manuel gomes\documents\github\trabalho_2\debug\trabalho2.tlog\link.5508-rc.read.1.tlog
c:\users\manuel gomes\documents\github\trabalho_2\debug\trabalho2.tlog\link.5508-rc.write.1.tlog
c:\users\manuel gomes\documents\github\trabalho_2\debug\trabalho2.tlog\link.5508.read.1.tlog
c:\users\manuel gomes\documents\github\trabalho_2\debug\trabalho2.tlog\link.5508.write.1.tlog
c:\users\manuel gomes\documents\github\trabalho_2\debug\trabalho2.tlog\link.command.1.tlog
c:\users\manuel gomes\documents\github\trabalho_2\debug\trabalho2.tlog\link.read.1.tlog
c:\users\manuel gomes\documents\github\trabalho_2\debug\trabalho2.tlog\link.write.1.tlog
